[2018-Apr-23 08:41:08] [INFO] Importing assembled transcripts...
[2018-Apr-23 08:41:08] [INFO] Loading gencode_basic transcripts from mm10 assembly...
[2018-Apr-23 08:41:09] [INFO] Loading genome sequence from mm10 assembly
[2018-Apr-23 08:41:09] [INFO] Checking and correcting chromosome names...
[2018-Apr-23 08:41:09] [INFO] Checking and matching gene_ids...
[2018-Apr-23 08:41:10] [INFO] ->Attempting to replace gene_id with ref_gene_id...
[2018-Apr-23 08:41:10] [INFO] -> Attempting to match ensembl gene_ids...
[2018-Apr-23 08:41:11] [INFO] -> Attempting to correct gene_ids by finding overlapping coordinates...
[2018-Apr-23 08:41:11] [INFO] --> Number of gene_ids corrected: 13
[2018-Apr-23 08:41:12] [INFO] --> Remaining number of non-standard gene_ids: 0
[2018-Apr-23 08:41:12] [INFO] Preparing databases, transcripts and output files...
[2018-Apr-23 08:41:31] [INFO] Detecting NMD features...
[2018-Apr-23 08:41:32] [INFO] Query : ENSMUST00000097453.8  Ref : ENSMUST00000097453.8
[2018-Apr-23 08:41:34] [INFO] Query : ENSMUST00000097453.8  Ref : ENSMUST00000111117.7
[2018-Apr-23 08:41:36] [INFO] Query : ENSMUST00000097453.8  Ref : ENSMUST00000076687.11
[2018-Apr-23 08:41:38] [INFO] Query : ENSMUST00000097453.8  Ref : ENSMUST00000097450.9
[2018-Apr-23 08:41:40] [INFO] Query : ENSMUST00000097453.8  Ref : ENSMUST00000212756.1
[2018-Apr-23 08:41:42] [INFO] Query : ENSMUST00000111117.7  Ref : ENSMUST00000097453.8
[2018-Apr-23 08:41:44] [INFO] Query : ENSMUST00000111117.7  Ref : ENSMUST00000111117.7
[2018-Apr-23 08:41:45] [INFO] Query : ENSMUST00000111117.7  Ref : ENSMUST00000076687.11
[2018-Apr-23 08:41:48] [INFO] Query : ENSMUST00000111117.7  Ref : ENSMUST00000097450.9
[2018-Apr-23 08:41:50] [INFO] Query : ENSMUST00000111117.7  Ref : ENSMUST00000212756.1
[2018-Apr-23 08:41:52] [INFO] Query : ENSMUST00000134959.7  Ref : ENSMUST00000097453.8
[2018-Apr-23 08:41:54] [INFO] Query : ENSMUST00000134959.7  Ref : ENSMUST00000111117.7
[2018-Apr-23 08:41:56] [INFO] Query : ENSMUST00000134959.7  Ref : ENSMUST00000076687.11
[2018-Apr-23 08:41:58] [INFO] Query : ENSMUST00000134959.7  Ref : ENSMUST00000097450.9
[2018-Apr-23 08:42:00] [INFO] Query : ENSMUST00000134959.7  Ref : ENSMUST00000212756.1
[2018-Apr-23 08:42:01] [INFO] Query : ENSMUST00000076687.11  Ref : ENSMUST00000097453.8
[2018-Apr-23 08:42:03] [INFO] Query : ENSMUST00000076687.11  Ref : ENSMUST00000111117.7
[2018-Apr-23 08:42:04] [INFO] Query : ENSMUST00000076687.11  Ref : ENSMUST00000076687.11
[2018-Apr-23 08:42:05] [INFO] Query : ENSMUST00000076687.11  Ref : ENSMUST00000097450.9
[2018-Apr-23 08:42:06] [INFO] Query : ENSMUST00000076687.11  Ref : ENSMUST00000212756.1
[2018-Apr-23 08:42:07] [INFO] Query : ENSMUST00000097450.9  Ref : ENSMUST00000097453.8
[2018-Apr-23 08:42:08] [INFO] Query : ENSMUST00000097450.9  Ref : ENSMUST00000111117.7
[2018-Apr-23 08:42:10] [INFO] Query : ENSMUST00000097450.9  Ref : ENSMUST00000076687.11
[2018-Apr-23 08:42:11] [INFO] Query : ENSMUST00000097450.9  Ref : ENSMUST00000097450.9
[2018-Apr-23 08:42:12] [INFO] Query : ENSMUST00000097450.9  Ref : ENSMUST00000212756.1
[2018-Apr-23 08:42:13] [INFO] Query : ENSMUST00000212756.1  Ref : ENSMUST00000097453.8
[2018-Apr-23 08:42:14] [INFO] Query : ENSMUST00000212756.1  Ref : ENSMUST00000111117.7
[2018-Apr-23 08:42:15] [INFO] Query : ENSMUST00000212756.1  Ref : ENSMUST00000076687.11
[2018-Apr-23 08:42:17] [INFO] Query : ENSMUST00000212756.1  Ref : ENSMUST00000097450.9
[2018-Apr-23 08:42:18] [INFO] Query : ENSMUST00000212756.1  Ref : ENSMUST00000212756.1
[2018-Apr-23 08:42:19] [INFO] Query : ENSMUST00000143350.7  Ref : ENSMUST00000097453.8
[2018-Apr-23 08:42:22] [INFO] Query : ENSMUST00000143350.7  Ref : ENSMUST00000111117.7
[2018-Apr-23 08:42:24] [INFO] Query : ENSMUST00000143350.7  Ref : ENSMUST00000076687.11
[2018-Apr-23 08:42:26] [INFO] Query : ENSMUST00000143350.7  Ref : ENSMUST00000097450.9
[2018-Apr-23 08:42:28] [INFO] Query : ENSMUST00000143350.7  Ref : ENSMUST00000212756.1
[2018-Apr-23 08:42:31] [INFO] Query : ENSMUST00000132894.2  Ref : ENSMUST00000097453.8
[2018-Apr-23 08:42:33] [INFO] Query : ENSMUST00000132894.2  Ref : ENSMUST00000111117.7
[2018-Apr-23 08:42:36] [INFO] Query : ENSMUST00000132894.2  Ref : ENSMUST00000076687.11
[2018-Apr-23 08:42:38] [INFO] Query : ENSMUST00000132894.2  Ref : ENSMUST00000097450.9
[2018-Apr-23 08:42:41] [INFO] Query : ENSMUST00000132894.2  Ref : ENSMUST00000212756.1
[2018-Apr-23 08:42:44] [INFO] Query : ENSMUST00000139002.1  Ref : ENSMUST00000097453.8
[2018-Apr-23 08:42:46] [INFO] Query : ENSMUST00000139002.1  Ref : ENSMUST00000111117.7
[2018-Apr-23 08:42:48] [INFO] Query : ENSMUST00000139002.1  Ref : ENSMUST00000076687.11
[2018-Apr-23 08:42:49] [INFO] Query : ENSMUST00000139002.1  Ref : ENSMUST00000097450.9
[2018-Apr-23 08:42:51] [INFO] Query : ENSMUST00000139002.1  Ref : ENSMUST00000212756.1
[2018-Apr-23 08:42:53] [INFO] Query : ENSMUST00000133890.7  Ref : ENSMUST00000097453.8
[2018-Apr-23 08:42:55] [INFO] Query : ENSMUST00000133890.7  Ref : ENSMUST00000111117.7
[2018-Apr-23 08:42:57] [INFO] Query : ENSMUST00000133890.7  Ref : ENSMUST00000076687.11
[2018-Apr-23 08:42:59] [INFO] Query : ENSMUST00000133890.7  Ref : ENSMUST00000097450.9
[2018-Apr-23 08:43:02] [INFO] Query : ENSMUST00000133890.7  Ref : ENSMUST00000212756.1
[2018-Apr-23 08:43:04] [INFO] Query : ENSMUST00000152582.7  Ref : ENSMUST00000097453.8
[2018-Apr-23 08:43:09] [INFO] Query : ENSMUST00000152582.7  Ref : ENSMUST00000111117.7
[2018-Apr-23 08:43:14] [INFO] Query : ENSMUST00000152582.7  Ref : ENSMUST00000076687.11
[2018-Apr-23 08:43:19] [INFO] Query : ENSMUST00000152582.7  Ref : ENSMUST00000097450.9
[2018-Apr-23 08:43:25] [INFO] Query : ENSMUST00000152582.7  Ref : ENSMUST00000212756.1
[2018-Apr-23 08:43:31] [INFO] Query : ENSMUST00000194974.1  Ref : ENSMUST00000097453.8
[2018-Apr-23 08:43:36] [INFO] Query : ENSMUST00000194974.1  Ref : ENSMUST00000111117.7
[2018-Apr-23 08:43:41] [INFO] Query : ENSMUST00000194974.1  Ref : ENSMUST00000076687.11
[2018-Apr-23 08:43:47] [INFO] Query : ENSMUST00000194974.1  Ref : ENSMUST00000097450.9
[2018-Apr-23 08:43:54] [INFO] Query : ENSMUST00000194974.1  Ref : ENSMUST00000212756.1
[2018-Apr-23 08:43:59] [INFO] Query : ENSMUST00000143176.7  Ref : ENSMUST00000097453.8
[2018-Apr-23 08:44:01] [INFO] Query : ENSMUST00000143176.7  Ref : ENSMUST00000111117.7
[2018-Apr-23 08:44:03] [INFO] Query : ENSMUST00000143176.7  Ref : ENSMUST00000076687.11
[2018-Apr-23 08:44:05] [INFO] Query : ENSMUST00000143176.7  Ref : ENSMUST00000097450.9
[2018-Apr-23 08:44:07] [INFO] Query : ENSMUST00000143176.7  Ref : ENSMUST00000212756.1
[2018-Apr-23 08:44:10] [INFO] Query : ENSMUST00000135056.7  Ref : ENSMUST00000097453.8
[2018-Apr-23 08:44:11] [INFO] Query : ENSMUST00000135056.7  Ref : ENSMUST00000111117.7
[2018-Apr-23 08:44:12] [INFO] Query : ENSMUST00000135056.7  Ref : ENSMUST00000076687.11
[2018-Apr-23 08:44:14] [INFO] Query : ENSMUST00000135056.7  Ref : ENSMUST00000097450.9
[2018-Apr-23 08:44:15] [INFO] Query : ENSMUST00000135056.7  Ref : ENSMUST00000212756.1
[2018-Apr-23 08:44:17] [INFO] Query : ENSMUST00000145181.1  Ref : ENSMUST00000097453.8
[2018-Apr-23 08:44:18] [INFO] Query : ENSMUST00000145181.1  Ref : ENSMUST00000111117.7
[2018-Apr-23 08:44:20] [INFO] Query : ENSMUST00000145181.1  Ref : ENSMUST00000076687.11
[2018-Apr-23 08:44:22] [INFO] Query : ENSMUST00000145181.1  Ref : ENSMUST00000097450.9
[2018-Apr-23 08:44:23] [INFO] Query : ENSMUST00000145181.1  Ref : ENSMUST00000212756.1
[2018-Apr-23 08:44:25] [INFO] Query : ENSMUST00000143161.1  Ref : ENSMUST00000097453.8
[2018-Apr-23 08:44:27] [INFO] Query : ENSMUST00000143161.1  Ref : ENSMUST00000111117.7
[2018-Apr-23 08:44:28] [INFO] Query : ENSMUST00000143161.1  Ref : ENSMUST00000076687.11
[2018-Apr-23 08:44:31] [INFO] Query : ENSMUST00000143161.1  Ref : ENSMUST00000097450.9
[2018-Apr-23 08:44:33] [INFO] Query : ENSMUST00000143161.1  Ref : ENSMUST00000212756.1
[2018-Apr-23 08:44:35] [INFO] Query : ENSMUST00000145274.1  Ref : ENSMUST00000097453.8
[2018-Apr-23 08:44:36] [INFO] Query : ENSMUST00000145274.1  Ref : ENSMUST00000111117.7
[2018-Apr-23 08:44:38] [INFO] Query : ENSMUST00000145274.1  Ref : ENSMUST00000076687.11
[2018-Apr-23 08:44:39] [INFO] Query : ENSMUST00000145274.1  Ref : ENSMUST00000097450.9
[2018-Apr-23 08:44:41] [INFO] Query : ENSMUST00000145274.1  Ref : ENSMUST00000212756.1
[2018-Apr-23 08:44:43] [INFO] Query : ENSMUST00000129754.1  Ref : ENSMUST00000097453.8
[2018-Apr-23 08:44:45] [INFO] Query : ENSMUST00000129754.1  Ref : ENSMUST00000111117.7
[2018-Apr-23 08:44:47] [INFO] Query : ENSMUST00000129754.1  Ref : ENSMUST00000076687.11
[2018-Apr-23 08:44:50] [INFO] Query : ENSMUST00000129754.1  Ref : ENSMUST00000097450.9
[2018-Apr-23 08:44:52] [INFO] Query : ENSMUST00000129754.1  Ref : ENSMUST00000212756.1
[2018-Apr-23 08:44:54] [INFO] Query : ENSMUST00000064104.12  Ref : ENSMUST00000064104.12
[2018-Apr-23 08:44:56] [INFO] Query : ENSMUST00000153209.7  Ref : ENSMUST00000064104.12
[2018-Apr-23 08:44:57] [INFO] Query : ENSMUST00000136059.7  Ref : ENSMUST00000064104.12
[2018-Apr-23 08:44:58] [INFO] Query : ENSMUST00000135903.7  Ref : ENSMUST00000064104.12
[2018-Apr-23 08:44:59] [INFO] Query : ENSMUST00000123424.1  Ref : ENSMUST00000064104.12
[2018-Apr-23 08:45:00] [INFO] Query : ENSMUST00000106616.1  Ref : ENSMUST00000106616.1
[2018-Apr-23 08:45:01] [INFO] Query : ENSMUST00000106616.1  Ref : ENSMUST00000053536.4
[2018-Apr-23 08:45:02] [INFO] Query : ENSMUST00000053536.4  Ref : ENSMUST00000106616.1
[2018-Apr-23 08:45:04] [INFO] Query : ENSMUST00000053536.4  Ref : ENSMUST00000053536.4
[2018-Apr-23 08:45:05] [INFO] Query : ENSMUST00000131488.1  Ref : ENSMUST00000106616.1
[2018-Apr-23 08:45:06] [INFO] Query : ENSMUST00000131488.1  Ref : ENSMUST00000053536.4
[2018-Apr-23 08:45:07] [INFO] Query : ENSMUST00000153453.1  Ref : ENSMUST00000106616.1
[2018-Apr-23 08:45:08] [INFO] Query : ENSMUST00000153453.1  Ref : ENSMUST00000053536.4
[2018-Apr-23 08:45:08] [INFO] Query : ENSMUST00000041965.3  Ref : ENSMUST00000041965.4
[2018-Apr-23 08:45:10] [INFO] Query : ENSMUST00000059619.1  Ref : ENSMUST00000059619.2
[2018-Apr-23 08:45:11] [INFO] Query : ENSMUST00000078691.11  Ref : ENSMUST00000078691.11
[2018-Apr-23 08:45:12] [INFO] Query : ENSMUST00000025034.11  Ref : ENSMUST00000078691.11
[2018-Apr-23 08:45:13] [INFO] Query : ENSMUST00000143158.1  Ref : ENSMUST00000078691.11
[2018-Apr-23 08:45:15] [INFO] Query : ENSMUST00000133448.1  Ref : ENSMUST00000078691.11
[2018-Apr-23 08:45:16] [INFO] Query : ENSMUST00000055458.4  Ref : ENSMUST00000055458.4
[2018-Apr-23 08:45:17] [INFO] Query : ENSMUST00000025681.7  Ref : ENSMUST00000025681.7
[2018-Apr-23 08:45:19] [INFO] Query : ENSMUST00000141854.1  Ref : ENSMUST00000025681.7
[2018-Apr-23 08:45:20] [INFO] Query : ENSMUST00000162004.7  Ref : ENSMUST00000162004.7
[2018-Apr-23 08:45:21] [INFO] Query : ENSMUST00000162004.7  Ref : ENSMUST00000026194.14
[2018-Apr-23 08:45:23] [INFO] Query : ENSMUST00000162004.7  Ref : ENSMUST00000160455.7
[2018-Apr-23 08:45:24] [INFO] Query : ENSMUST00000162004.7  Ref : ENSMUST00000069298.12
[2018-Apr-23 08:45:26] [INFO] Query : ENSMUST00000162004.7  Ref : ENSMUST00000162061.1
[2018-Apr-23 08:45:27] [INFO] Query : ENSMUST00000159974.7  Ref : ENSMUST00000162004.7
[2018-Apr-23 08:45:28] [INFO] Query : ENSMUST00000159974.7  Ref : ENSMUST00000026194.14
[2018-Apr-23 08:45:30] [INFO] Query : ENSMUST00000159974.7  Ref : ENSMUST00000160455.7
[2018-Apr-23 08:45:31] [INFO] Query : ENSMUST00000159974.7  Ref : ENSMUST00000069298.12
[2018-Apr-23 08:45:33] [INFO] Query : ENSMUST00000159974.7  Ref : ENSMUST00000162061.1
[2018-Apr-23 08:45:34] [INFO] Query : ENSMUST00000026194.14  Ref : ENSMUST00000162004.7
[2018-Apr-23 08:45:36] [INFO] Query : ENSMUST00000026194.14  Ref : ENSMUST00000026194.14
[2018-Apr-23 08:45:37] [INFO] Query : ENSMUST00000026194.14  Ref : ENSMUST00000160455.7
[2018-Apr-23 08:45:38] [INFO] Query : ENSMUST00000026194.14  Ref : ENSMUST00000069298.12
[2018-Apr-23 08:45:40] [INFO] Query : ENSMUST00000026194.14  Ref : ENSMUST00000162061.1
[2018-Apr-23 08:45:41] [INFO] Query : ENSMUST00000160455.7  Ref : ENSMUST00000162004.7
[2018-Apr-23 08:45:42] [INFO] Query : ENSMUST00000160455.7  Ref : ENSMUST00000026194.14
[2018-Apr-23 08:45:44] [INFO] Query : ENSMUST00000160455.7  Ref : ENSMUST00000160455.7
[2018-Apr-23 08:45:45] [INFO] Query : ENSMUST00000160455.7  Ref : ENSMUST00000069298.12
[2018-Apr-23 08:45:46] [INFO] Query : ENSMUST00000160455.7  Ref : ENSMUST00000162061.1
[2018-Apr-23 08:45:48] [INFO] Query : ENSMUST00000161252.1  Ref : ENSMUST00000162004.7
[2018-Apr-23 08:45:49] [INFO] Query : ENSMUST00000161252.1  Ref : ENSMUST00000026194.14
[2018-Apr-23 08:45:51] [INFO] Query : ENSMUST00000161252.1  Ref : ENSMUST00000160455.7
[2018-Apr-23 08:45:53] [INFO] Query : ENSMUST00000161252.1  Ref : ENSMUST00000069298.12
[2018-Apr-23 08:45:53] [INFO] Query : ENSMUST00000161252.1  Ref : ENSMUST00000162061.1
[2018-Apr-23 08:45:54] [INFO] Query : ENSMUST00000069298.12  Ref : ENSMUST00000162004.7
[2018-Apr-23 08:45:55] [INFO] Query : ENSMUST00000069298.12  Ref : ENSMUST00000026194.14
[2018-Apr-23 08:45:57] [INFO] Query : ENSMUST00000069298.12  Ref : ENSMUST00000160455.7
[2018-Apr-23 08:45:59] [INFO] Query : ENSMUST00000069298.12  Ref : ENSMUST00000069298.12
[2018-Apr-23 08:46:00] [INFO] Query : ENSMUST00000069298.12  Ref : ENSMUST00000162061.1
[2018-Apr-23 08:46:02] [INFO] Query : ENSMUST00000162061.1  Ref : ENSMUST00000162004.7
[2018-Apr-23 08:46:03] [INFO] Query : ENSMUST00000162061.1  Ref : ENSMUST00000026194.14
[2018-Apr-23 08:46:04] [INFO] Query : ENSMUST00000162061.1  Ref : ENSMUST00000160455.7
[2018-Apr-23 08:46:05] [INFO] Query : ENSMUST00000162061.1  Ref : ENSMUST00000069298.12
[2018-Apr-23 08:46:06] [INFO] Query : ENSMUST00000162061.1  Ref : ENSMUST00000162061.1
[2018-Apr-23 08:46:07] [INFO] Query : ENSMUST00000160621.1  Ref : ENSMUST00000162004.7
[2018-Apr-23 08:46:09] [INFO] Query : ENSMUST00000160621.1  Ref : ENSMUST00000026194.14
[2018-Apr-23 08:46:10] [INFO] Query : ENSMUST00000160621.1  Ref : ENSMUST00000160455.7
[2018-Apr-23 08:46:11] [INFO] Query : ENSMUST00000160621.1  Ref : ENSMUST00000069298.12
[2018-Apr-23 08:46:13] [INFO] Query : ENSMUST00000160621.1  Ref : ENSMUST00000162061.1
[2018-Apr-23 08:46:14] [INFO] Query : ENSMUST00000161761.1  Ref : ENSMUST00000162004.7
[2018-Apr-23 08:46:15] [INFO] Query : ENSMUST00000161761.1  Ref : ENSMUST00000026194.14
[2018-Apr-23 08:46:16] [INFO] Query : ENSMUST00000161761.1  Ref : ENSMUST00000160455.7
[2018-Apr-23 08:46:17] [INFO] Query : ENSMUST00000161761.1  Ref : ENSMUST00000069298.12
[2018-Apr-23 08:46:19] [INFO] Query : ENSMUST00000161761.1  Ref : ENSMUST00000162061.1
[2018-Apr-23 08:46:20] [INFO] Query : ENSMUST00000053872.11  Ref : ENSMUST00000053872.11
[2018-Apr-23 08:46:21] [INFO] Query : ENSMUST00000053872.11  Ref : ENSMUST00000107201.8
[2018-Apr-23 08:46:22] [INFO] Query : ENSMUST00000053872.11  Ref : ENSMUST00000107200.7
[2018-Apr-23 08:46:23] [INFO] Query : ENSMUST00000053872.11  Ref : ENSMUST00000107199.1
[2018-Apr-23 08:46:24] [INFO] Query : ENSMUST00000149804.1  Ref : ENSMUST00000053872.11
[2018-Apr-23 08:46:25] [INFO] Query : ENSMUST00000149804.1  Ref : ENSMUST00000107201.8
[2018-Apr-23 08:46:27] [INFO] Query : ENSMUST00000149804.1  Ref : ENSMUST00000107200.7
[2018-Apr-23 08:46:28] [INFO] Query : ENSMUST00000149804.1  Ref : ENSMUST00000107199.1
[2018-Apr-23 08:46:28] [INFO] Query : ENSMUST00000107201.8  Ref : ENSMUST00000053872.11
[2018-Apr-23 08:46:29] [INFO] Query : ENSMUST00000107201.8  Ref : ENSMUST00000107201.8
[2018-Apr-23 08:46:30] [INFO] Query : ENSMUST00000107201.8  Ref : ENSMUST00000107200.7
[2018-Apr-23 08:46:31] [INFO] Query : ENSMUST00000107201.8  Ref : ENSMUST00000107199.1
[2018-Apr-23 08:46:33] [INFO] Query : ENSMUST00000107200.7  Ref : ENSMUST00000053872.11
[2018-Apr-23 08:46:34] [INFO] Query : ENSMUST00000107200.7  Ref : ENSMUST00000107201.8
[2018-Apr-23 08:46:35] [INFO] Query : ENSMUST00000107200.7  Ref : ENSMUST00000107200.7
[2018-Apr-23 08:46:37] [INFO] Query : ENSMUST00000107200.7  Ref : ENSMUST00000107199.1
[2018-Apr-23 08:46:38] [INFO] Query : ENSMUST00000107199.1  Ref : ENSMUST00000053872.11
[2018-Apr-23 08:46:39] [INFO] Query : ENSMUST00000107199.1  Ref : ENSMUST00000107201.8
[2018-Apr-23 08:46:40] [INFO] Query : ENSMUST00000107199.1  Ref : ENSMUST00000107200.7
[2018-Apr-23 08:46:41] [INFO] Query : ENSMUST00000107199.1  Ref : ENSMUST00000107199.1
[2018-Apr-23 08:46:42] [INFO] Query : ENSMUST00000029780.11  Ref : ENSMUST00000029780.11
[2018-Apr-23 08:46:43] [INFO] Query : ENSMUST00000029780.11  Ref : ENSMUST00000200097.4
[2018-Apr-23 08:46:45] [INFO] Query : ENSMUST00000029780.11  Ref : ENSMUST00000197464.4
[2018-Apr-23 08:46:46] [INFO] Query : ENSMUST00000029780.11  Ref : ENSMUST00000198403.1
[2018-Apr-23 08:46:47] [INFO] Query : ENSMUST00000200097.4  Ref : ENSMUST00000029780.11
[2018-Apr-23 08:46:49] [INFO] Query : ENSMUST00000200097.4  Ref : ENSMUST00000200097.4
[2018-Apr-23 08:46:51] [INFO] Query : ENSMUST00000200097.4  Ref : ENSMUST00000197464.4
[2018-Apr-23 08:46:52] [INFO] Query : ENSMUST00000200097.4  Ref : ENSMUST00000198403.1
[2018-Apr-23 08:46:54] [INFO] Query : ENSMUST00000197833.4  Ref : ENSMUST00000029780.11
[2018-Apr-23 08:46:55] [INFO] Query : ENSMUST00000197833.4  Ref : ENSMUST00000200097.4
[2018-Apr-23 08:46:56] [INFO] Query : ENSMUST00000197833.4  Ref : ENSMUST00000197464.4
[2018-Apr-23 08:46:58] [INFO] Query : ENSMUST00000197833.4  Ref : ENSMUST00000198403.1
[2018-Apr-23 08:46:59] [INFO] Query : ENSMUST00000197387.4  Ref : ENSMUST00000029780.11
[2018-Apr-23 08:47:00] [INFO] Query : ENSMUST00000197387.4  Ref : ENSMUST00000200097.4
[2018-Apr-23 08:47:02] [INFO] Query : ENSMUST00000197387.4  Ref : ENSMUST00000197464.4
[2018-Apr-23 08:47:03] [INFO] Query : ENSMUST00000197387.4  Ref : ENSMUST00000198403.1
[2018-Apr-23 08:47:03] [INFO] Query : ENSMUST00000196203.1  Ref : ENSMUST00000029780.11
[2018-Apr-23 08:47:04] [INFO] Query : ENSMUST00000196203.1  Ref : ENSMUST00000200097.4
[2018-Apr-23 08:47:06] [INFO] Query : ENSMUST00000196203.1  Ref : ENSMUST00000197464.4
[2018-Apr-23 08:47:06] [INFO] Query : ENSMUST00000196203.1  Ref : ENSMUST00000198403.1
[2018-Apr-23 08:47:07] [INFO] Query : ENSMUST00000198733.1  Ref : ENSMUST00000029780.11
[2018-Apr-23 08:47:08] [INFO] Query : ENSMUST00000198733.1  Ref : ENSMUST00000200097.4
[2018-Apr-23 08:47:09] [INFO] Query : ENSMUST00000198733.1  Ref : ENSMUST00000197464.4
[2018-Apr-23 08:47:10] [INFO] Query : ENSMUST00000198733.1  Ref : ENSMUST00000198403.1
[2018-Apr-23 08:47:11] [INFO] Query : ENSMUST00000195902.1  Ref : ENSMUST00000029780.11
[2018-Apr-23 08:47:13] [INFO] Query : ENSMUST00000195902.1  Ref : ENSMUST00000200097.4
[2018-Apr-23 08:47:14] [INFO] Query : ENSMUST00000195902.1  Ref : ENSMUST00000197464.4
[2018-Apr-23 08:47:14] [INFO] Query : ENSMUST00000195902.1  Ref : ENSMUST00000198403.1
[2018-Apr-23 08:47:15] [INFO] Query : ENSMUST00000196343.1  Ref : ENSMUST00000029780.11
[2018-Apr-23 08:47:20] [INFO] Query : ENSMUST00000196343.1  Ref : ENSMUST00000200097.4
[2018-Apr-23 08:47:24] [INFO] Query : ENSMUST00000196343.1  Ref : ENSMUST00000197464.4
[2018-Apr-23 08:47:25] [INFO] Query : ENSMUST00000196343.1  Ref : ENSMUST00000198403.1
[2018-Apr-23 08:47:25] [INFO] Query : ENSMUST00000197464.4  Ref : ENSMUST00000029780.11
[2018-Apr-23 08:47:27] [INFO] Query : ENSMUST00000197464.4  Ref : ENSMUST00000200097.4
[2018-Apr-23 08:47:28] [INFO] Query : ENSMUST00000197464.4  Ref : ENSMUST00000197464.4
[2018-Apr-23 08:47:29] [INFO] Query : ENSMUST00000197464.4  Ref : ENSMUST00000198403.1
[2018-Apr-23 08:47:30] [INFO] Query : ENSMUST00000198399.4  Ref : ENSMUST00000029780.11
[2018-Apr-23 08:47:31] [INFO] Query : ENSMUST00000198399.4  Ref : ENSMUST00000200097.4
[2018-Apr-23 08:47:33] [INFO] Query : ENSMUST00000198399.4  Ref : ENSMUST00000197464.4
[2018-Apr-23 08:47:34] [INFO] Query : ENSMUST00000198399.4  Ref : ENSMUST00000198403.1
[2018-Apr-23 08:47:36] [INFO] Query : ENSMUST00000199026.4  Ref : ENSMUST00000029780.11
[2018-Apr-23 08:47:37] [INFO] Query : ENSMUST00000199026.4  Ref : ENSMUST00000200097.4
[2018-Apr-23 08:47:39] [INFO] Query : ENSMUST00000199026.4  Ref : ENSMUST00000197464.4
[2018-Apr-23 08:47:41] [INFO] Query : ENSMUST00000199026.4  Ref : ENSMUST00000198403.1
[2018-Apr-23 08:47:43] [INFO] Query : ENSMUST00000196066.1  Ref : ENSMUST00000029780.11
[2018-Apr-23 08:47:45] [INFO] Query : ENSMUST00000196066.1  Ref : ENSMUST00000200097.4
[2018-Apr-23 08:47:46] [INFO] Query : ENSMUST00000196066.1  Ref : ENSMUST00000197464.4
[2018-Apr-23 08:47:48] [INFO] Query : ENSMUST00000196066.1  Ref : ENSMUST00000198403.1
[2018-Apr-23 08:47:49] [INFO] Query : ENSMUST00000198403.1  Ref : ENSMUST00000029780.11
[2018-Apr-23 08:47:51] [INFO] Query : ENSMUST00000198403.1  Ref : ENSMUST00000200097.4
[2018-Apr-23 08:47:53] [INFO] Query : ENSMUST00000198403.1  Ref : ENSMUST00000197464.4
[2018-Apr-23 08:47:54] [INFO] Query : ENSMUST00000198403.1  Ref : ENSMUST00000198403.1
[2018-Apr-23 08:47:55] [INFO] Query : ENSMUST00000051477.12  Ref : ENSMUST00000051477.12
[2018-Apr-23 08:47:56] [INFO] Query : ENSMUST00000051477.12  Ref : ENSMUST00000030417.9
[2018-Apr-23 08:47:57] [INFO] Query : ENSMUST00000030417.9  Ref : ENSMUST00000051477.12
[2018-Apr-23 08:47:58] [INFO] Query : ENSMUST00000030417.9  Ref : ENSMUST00000030417.9
[2018-Apr-23 08:47:59] [INFO] Query : ENSMUST00000106267.4  Ref : ENSMUST00000106267.4
[2018-Apr-23 08:48:00] [INFO] Query : ENSMUST00000156135.2  Ref : ENSMUST00000106267.4
[2018-Apr-23 08:48:02] [INFO] Query : ENSMUST00000068958.7  Ref : ENSMUST00000068958.7
[2018-Apr-23 08:48:03] [INFO] Writing GTF file...
[2018-Apr-23 08:48:07] [INFO] Saving analysis report...
[2018-Apr-23 09:36:38] [INFO] Importing assembled transcripts...
[2018-Apr-23 09:37:04] [INFO] Importing assembled transcripts...
[2018-Apr-23 09:37:21] [INFO] Importing assembled transcripts...
[2018-Apr-23 09:37:32] [INFO] Importing assembled transcripts...
[2018-Apr-23 09:37:32] [INFO] Loading gencode_basic transcripts from mm10 assembly...
[2018-Apr-23 09:37:32] [INFO] Loading genome sequence from mm10 assembly
[2018-Apr-23 09:37:36] [INFO] Checking and correcting chromosome names...
[2018-Apr-23 09:38:01] [INFO] Checking and correcting chromosome names...
[2018-Apr-23 09:38:02] [INFO] Checking and matching gene_ids...
[2018-Apr-23 09:38:21] [INFO] Checking and correcting chromosome names...
[2018-Apr-23 09:38:21] [INFO] Checking and matching gene_ids...
[2018-Apr-23 09:38:22] [INFO] ->Attempting to replace gene_id with ref_gene_id...
[2018-Apr-23 09:38:22] [INFO] -> Attempting to match ensembl gene_ids...
[2018-Apr-23 09:38:22] [INFO] -> Attempting to correct gene_ids by finding overlapping coordinates...
[2018-Apr-23 09:38:23] [INFO] --> Number of gene_ids corrected: 13
[2018-Apr-23 09:38:24] [INFO] --> Remaining number of non-standard gene_ids: 0
